  ConsoleApplication15.cpp
C:\Users\paravozik\source\repos\ConsoleApplication15\ConsoleApplication15\ConsoleApplication15.cpp(96,73): warning C4244: аргумент: преобразование "float" в "_Tp", возможна потеря данных
C:\Users\paravozik\source\repos\ConsoleApplication15\ConsoleApplication15\ConsoleApplication15.cpp(96,73): warning C4244:         with
C:\Users\paravozik\source\repos\ConsoleApplication15\ConsoleApplication15\ConsoleApplication15.cpp(96,73): warning C4244:         [
C:\Users\paravozik\source\repos\ConsoleApplication15\ConsoleApplication15\ConsoleApplication15.cpp(96,73): warning C4244:             _Tp=int
C:\Users\paravozik\source\repos\ConsoleApplication15\ConsoleApplication15\ConsoleApplication15.cpp(96,73): warning C4244:         ]
C:\Users\paravozik\source\repos\ConsoleApplication15\ConsoleApplication15\ConsoleApplication15.cpp(96,53): warning C4244: аргумент: преобразование "float" в "_Tp", возможна потеря данных
C:\Users\paravozik\source\repos\ConsoleApplication15\ConsoleApplication15\ConsoleApplication15.cpp(96,53): warning C4244:         with
C:\Users\paravozik\source\repos\ConsoleApplication15\ConsoleApplication15\ConsoleApplication15.cpp(96,53): warning C4244:         [
C:\Users\paravozik\source\repos\ConsoleApplication15\ConsoleApplication15\ConsoleApplication15.cpp(96,53): warning C4244:             _Tp=int
C:\Users\paravozik\source\repos\ConsoleApplication15\ConsoleApplication15\ConsoleApplication15.cpp(96,53): warning C4244:         ]
C:\Users\paravozik\source\repos\ConsoleApplication15\ConsoleApplication15\ConsoleApplication15.cpp(136,36): warning C4244: аргумент: преобразование "float" в "_Tp", возможна потеря данных
C:\Users\paravozik\source\repos\ConsoleApplication15\ConsoleApplication15\ConsoleApplication15.cpp(136,36): warning C4244:         with
C:\Users\paravozik\source\repos\ConsoleApplication15\ConsoleApplication15\ConsoleApplication15.cpp(136,36): warning C4244:         [
C:\Users\paravozik\source\repos\ConsoleApplication15\ConsoleApplication15\ConsoleApplication15.cpp(136,36): warning C4244:             _Tp=int
C:\Users\paravozik\source\repos\ConsoleApplication15\ConsoleApplication15\ConsoleApplication15.cpp(136,36): warning C4244:         ]
C:\Users\paravozik\source\repos\ConsoleApplication15\ConsoleApplication15\ConsoleApplication15.cpp(135,35): warning C4244: аргумент: преобразование "float" в "_Tp", возможна потеря данных
C:\Users\paravozik\source\repos\ConsoleApplication15\ConsoleApplication15\ConsoleApplication15.cpp(135,35): warning C4244:         with
C:\Users\paravozik\source\repos\ConsoleApplication15\ConsoleApplication15\ConsoleApplication15.cpp(135,35): warning C4244:         [
C:\Users\paravozik\source\repos\ConsoleApplication15\ConsoleApplication15\ConsoleApplication15.cpp(135,35): warning C4244:             _Tp=int
C:\Users\paravozik\source\repos\ConsoleApplication15\ConsoleApplication15\ConsoleApplication15.cpp(135,35): warning C4244:         ]
C:\Users\paravozik\source\repos\ConsoleApplication15\ConsoleApplication15\ConsoleApplication15.cpp(134,31): warning C4244: аргумент: преобразование "float" в "_Tp", возможна потеря данных
C:\Users\paravozik\source\repos\ConsoleApplication15\ConsoleApplication15\ConsoleApplication15.cpp(134,31): warning C4244:         with
C:\Users\paravozik\source\repos\ConsoleApplication15\ConsoleApplication15\ConsoleApplication15.cpp(134,31): warning C4244:         [
C:\Users\paravozik\source\repos\ConsoleApplication15\ConsoleApplication15\ConsoleApplication15.cpp(134,31): warning C4244:             _Tp=int
C:\Users\paravozik\source\repos\ConsoleApplication15\ConsoleApplication15\ConsoleApplication15.cpp(134,31): warning C4244:         ]
C:\Users\paravozik\source\repos\ConsoleApplication15\ConsoleApplication15\ConsoleApplication15.cpp(133,31): warning C4244: аргумент: преобразование "float" в "_Tp", возможна потеря данных
C:\Users\paravozik\source\repos\ConsoleApplication15\ConsoleApplication15\ConsoleApplication15.cpp(133,31): warning C4244:         with
C:\Users\paravozik\source\repos\ConsoleApplication15\ConsoleApplication15\ConsoleApplication15.cpp(133,31): warning C4244:         [
C:\Users\paravozik\source\repos\ConsoleApplication15\ConsoleApplication15\ConsoleApplication15.cpp(133,31): warning C4244:             _Tp=int
C:\Users\paravozik\source\repos\ConsoleApplication15\ConsoleApplication15\ConsoleApplication15.cpp(133,31): warning C4244:         ]
  ConsoleApplication15.vcxproj -> C:\Users\paravozik\source\repos\ConsoleApplication15\x64\Debug\ConsoleApplication15.exe
  "pwsh.exe" не является внутренней или внешней
  командой, исполняемой программой или пакетным файлом.
