
C:\Users\paravozik\source\repos\ConsoleApplication15\x64\Debug\opencv_core4d.dll
C:\Users\paravozik\source\repos\ConsoleApplication15\x64\Debug\zlibd1.dll
C:\Users\paravozik\source\repos\ConsoleApplication15\x64\Debug\opencv_dnn4d.dll
C:\Users\paravozik\source\repos\ConsoleApplication15\x64\Debug\opencv_imgproc4d.dll
C:\Users\paravozik\source\repos\ConsoleApplication15\x64\Debug\libprotobufd.dll
C:\Users\paravozik\source\repos\ConsoleApplication15\x64\Debug\abseil_dll.dll
C:\Users\paravozik\source\repos\ConsoleApplication15\x64\Debug\opencv_highgui4d.dll
C:\Users\paravozik\source\repos\ConsoleApplication15\x64\Debug\opencv_videoio4d.dll
C:\Users\paravozik\source\repos\ConsoleApplication15\x64\Debug\opencv_imgcodecs4d.dll
C:\Users\paravozik\source\repos\ConsoleApplication15\x64\Debug\jpeg62.dll
C:\Users\paravozik\source\repos\ConsoleApplication15\x64\Debug\libwebpdecoder.dll
C:\Users\paravozik\source\repos\ConsoleApplication15\x64\Debug\libwebp.dll
C:\Users\paravozik\source\repos\ConsoleApplication15\x64\Debug\libsharpyuv.dll
C:\Users\paravozik\source\repos\ConsoleApplication15\x64\Debug\libpng16d.dll
C:\Users\paravozik\source\repos\ConsoleApplication15\x64\Debug\tiffd.dll
C:\Users\paravozik\source\repos\ConsoleApplication15\x64\Debug\liblzma.dll
C:\Users\paravozik\source\repos\ConsoleApplication15\x64\Debug\opencv_objdetect4d.dll
C:\Users\paravozik\source\repos\ConsoleApplication15\x64\Debug\opencv_calib3d4d.dll
C:\Users\paravozik\source\repos\ConsoleApplication15\x64\Debug\opencv_features2d4d.dll
C:\Users\paravozik\source\repos\ConsoleApplication15\x64\Debug\opencv_flann4d.dll
